[error]: [ 29/04/2023:11:15:56 ] - {"message":"Erro ao salvar o arquivo."}
[error]: [ 04/05/2023:17:50:15 ] - {"mensage":"Erro ao buscar os chamados arquivados"}
[error]: [ 04/05/2023:17:50:39 ] - {"mensage":"Erro ao buscar os chamados arquivados"}
[error]: [ 04/05/2023:17:52:15 ] - {"mensage":"Erro ao buscar os chamados arquivados"}
[error]: [ 09/05/2023:11:14:24 ] - {"mensage":"Erro ao buscar os chamados arquivados"}
[error]: [ 09/05/2023:11:25:43 ] - {"mensage":"Erro ao buscar os chamados arquivados"}
[error]: [ 09/05/2023:11:26:15 ] - {"mensage":"Erro ao buscar os chamados arquivados"}
[error]: [ 10/05/2023:10:12:38 ] - {"mensage":"Erro ao buscar os chamados arquivados"}
[error]: [ 10/05/2023:10:12:38 ] - {"mensage":"Erro ao buscar os chamados arquivados"}
[error]: [ 10/05/2023:10:12:38 ] - {"mensage":"Erro ao buscar os chamados arquivados"}
[error]: [ 10/05/2023:10:12:38 ] - {"mensage":"Erro ao buscar os chamados arquivados"}
[error]: [ 11/05/2023:12:9:20 ] - {"mensage":"Erro ao pegar os chamados"}
[error]: [ 11/05/2023:12:9:20 ] - {"mensage":"Erro ao pegar os arquivos"}
[error]: [ 12/05/2023:13:45:4 ] - {"mensage":"Não possui arquivos!"}
[error]: [ 12/05/2023:13:45:4 ] - {"mensage":"Erro ao deletar o chamado"}
[error]: [ 12/05/2023:13:45:4 ] - {"mensage":"Não possui arquivos!"}
[error]: [ 12/05/2023:13:45:4 ] - {"mensage":"Não possui arquivos!"}
[error]: [ 12/05/2023:13:45:4 ] - {"mensage":"Não possui arquivos!"}
[error]: [ 12/05/2023:13:45:4 ] - {"mensage":"Não possui arquivos!"}
[error]: [ 12/05/2023:13:45:4 ] - {"mensage":"Não possui arquivos!"}
[error]: [ 12/05/2023:13:45:4 ] - {"mensage":"Não possui arquivos!"}
[error]: [ 12/05/2023:13:45:4 ] - {"mensage":"Não possui arquivos!"}
[error]: [ 12/05/2023:17:9:15 ] - {"mensage":"Não possui arquivos!"}
[error]: [ 12/05/2023:17:13:6 ] - {"mensage":"Não possui arquivos!"}
[error]: [ 12/05/2023:17:20:32 ] - {"mensage":"Não possui arquivos!"}
[error]: [ 12/05/2023:17:20:46 ] - {"mensage":"Não possui arquivos!"}
[error]: [ 12/05/2023:17:20:46 ] - {"mensage":"Não possui arquivos!"}
[error]: [ 12/05/2023:17:20:46 ] - {"mensage":"Não possui arquivos!"}
[error]: [ 12/05/2023:17:20:46 ] - {"mensage":"Não possui arquivos!"}
[error]: [ 12/05/2023:17:20:46 ] - {"mensage":"Não possui arquivos!"}
[error]: [ 12/05/2023:17:20:46 ] - {"mensage":"Não possui arquivos!"}
[error]: [ 12/05/2023:17:20:46 ] - {"mensage":"Não possui arquivos!"}
[error]: [ 12/05/2023:17:20:46 ] - {"mensage":"Não possui arquivos!"}
[error]: [ 12/05/2023:17:20:46 ] - {"mensage":"Não possui arquivos!"}
[error]: [ 12/05/2023:17:20:46 ] - {"mensage":"Não possui arquivos!"}
[error]: [ 12/05/2023:17:20:46 ] - {"mensage":"Não possui arquivos!"}
[error]: [ 12/05/2023:17:20:46 ] - {"mensage":"Não possui arquivos!"}
[error]: [ 12/05/2023:17:22:8 ] - {"mensage":"Não possui arquivos!"}
[error]: [ 12/05/2023:17:26:1 ] - {"mensage":"Não possui arquivos!"}
[error]: [ 12/05/2023:17:26:1 ] - {"mensage":"Não possui arquivos!"}
[error]: [ 12/05/2023:17:26:1 ] - {"mensage":"Não possui arquivos!"}
[error]: [ 12/05/2023:17:26:1 ] - {"mensage":"Não possui arquivos!"}
[error]: [ 12/05/2023:17:26:1 ] - {"mensage":"Não possui arquivos!"}
[error]: [ 12/05/2023:17:26:1 ] - {"mensage":"Não possui arquivos!"}
[error]: [ 12/05/2023:17:26:1 ] - {"mensage":"Não possui arquivos!"}
[error]: [ 12/05/2023:17:26:1 ] - {"mensage":"Não possui arquivos!"}
[error]: [ 12/05/2023:17:26:1 ] - {"mensage":"Não possui arquivos!"}
[error]: [ 12/05/2023:17:26:1 ] - {"mensage":"Não possui arquivos!"}
[error]: [ 12/05/2023:17:26:1 ] - {"mensage":"Não possui arquivos!"}
[error]: [ 12/05/2023:17:26:1 ] - {"mensage":"Não possui arquivos!"}
[error]: [ 12/05/2023:17:26:1 ] - {"mensage":"Não possui arquivos!"}
[error]: [ 12/05/2023:17:26:1 ] - {"mensage":"Não possui arquivos!"}
[error]: [ 12/05/2023:17:26:1 ] - {"mensage":"Não possui arquivos!"}
[error]: [ 12/05/2023:17:26:1 ] - {"mensage":"Não possui arquivos!"}
[error]: [ 12/05/2023:17:26:1 ] - {"mensage":"Não possui arquivos!"}
[error]: [ 12/05/2023:17:26:1 ] - {"mensage":"Não possui arquivos!"}
[error]: [ 12/05/2023:17:28:26 ] - {"mensage":"Não possui arquivos!"}
[error]: [ 12/05/2023:17:28:26 ] - {"mensage":"Não possui arquivos!"}
[error]: [ 12/05/2023:17:28:26 ] - {"mensage":"Não possui arquivos!"}
[error]: [ 12/05/2023:17:28:26 ] - {"mensage":"Não possui arquivos!"}
[error]: [ 12/05/2023:17:28:26 ] - {"mensage":"Não possui arquivos!"}
[error]: [ 12/05/2023:17:28:26 ] - {"mensage":"Não possui arquivos!"}
[error]: [ 12/05/2023:17:28:26 ] - {"mensage":"Não possui arquivos!"}
[error]: [ 12/05/2023:17:28:26 ] - {"mensage":"Não possui arquivos!"}
[error]: [ 12/05/2023:17:28:26 ] - {"mensage":"Não possui arquivos!"}
[error]: [ 12/05/2023:17:28:26 ] - {"mensage":"Não possui arquivos!"}
[error]: [ 12/05/2023:17:28:26 ] - {"mensage":"Não possui arquivos!"}
[error]: [ 12/05/2023:17:28:26 ] - {"mensage":"Não possui arquivos!"}
[error]: [ 12/05/2023:17:28:26 ] - {"mensage":"Não possui arquivos!"}
