[info]: [ 29/04/2023:11:15:5 ] - Rodando na porta 3001
[info]: [ 29/04/2023:11:15:21 ] - Rodando na porta 3001
[info]: [ 29/04/2023:11:15:42 ] - Rodando na porta 3001
[info]: [ 29/04/2023:11:15:56 ] - Rodando na porta 3001
[info]: [ 29/04/2023:11:15:56 ] - [object Object]
[error]: [ 29/04/2023:11:15:56 ] - {"message":"Erro ao salvar o arquivo."}
[info]: [ 29/04/2023:11:20:30 ] - Rodando na porta 3001
[info]: [ 29/04/2023:11:20:31 ] - Rodando na porta 3001
[info]: [ 29/04/2023:11:20:37 ] - Rodando na porta 3001
[info]: [ 29/04/2023:11:20:37 ] - {"name":"1682778059220-imagemjpg","src":"https://undvejpptbowpgysnwiw.supabase.co/storage/v1/object/public/uploads/1682778059220-imagemjpg","call":"131","id":151}
[info]: [ 29/04/2023:11:21:54 ] - Rodando na porta 3001
[info]: [ 29/04/2023:11:22:30 ] - Rodando na porta 3001
[info]: [ 29/04/2023:11:22:36 ] - Rodando na porta 3001
[info]: [ 29/04/2023:11:22:38 ] - Rodando na porta 3001
[info]: [ 29/04/2023:11:22:40 ] - Rodando na porta 3001
[info]: [ 29/04/2023:11:22:40 ] - {"att":{"name":"1682778184462-imagemjpg","src":"https://undvejpptbowpgysnwiw.supabase.co/storage/v1/object/public/uploads/1682778184462-imagemjpg","call":"133","id":152},"message":"Sucesso ao salvar o arquivo."}
[info]: [ 29/04/2023:11:24:5 ] - Rodando na porta 3001
[info]: [ 29/04/2023:11:24:13 ] - Rodando na porta 3001
[info]: [ 01/05/2023:15:8:43 ] - Rodando na porta 3001
[info]: [ 01/05/2023:15:10:38 ] - Rodando na porta 3001
[info]: [ 01/05/2023:15:11:25 ] - Rodando na porta 3001
[info]: [ 01/05/2023:15:12:13 ] - Rodando na porta 3001
[info]: [ 01/05/2023:15:12:24 ] - Rodando na porta 3001
[info]: [ 01/05/2023:15:13:5 ] - Rodando na porta 3001
[info]: [ 01/05/2023:15:13:41 ] - Rodando na porta 3001
[info]: [ 01/05/2023:15:13:42 ] - Rodando na porta 3001
[info]: [ 01/05/2023:15:13:58 ] - Rodando na porta 3001
[info]: [ 01/05/2023:15:14:56 ] - Rodando na porta 3001
[info]: [ 01/05/2023:15:38:43 ] - Rodando na porta 3001
[info]: [ 01/05/2023:15:39:42 ] - Rodando na porta 3001
[info]: [ 01/05/2023:15:39:59 ] - Rodando na porta 3001
[info]: [ 01/05/2023:15:40:3 ] - Rodando na porta 3001
[info]: [ 01/05/2023:15:40:6 ] - Rodando na porta 3001
[info]: [ 01/05/2023:15:40:8 ] - Rodando na porta 3001
[info]: [ 01/05/2023:15:40:13 ] - Rodando na porta 3001
[info]: [ 01/05/2023:15:42:56 ] - Rodando na porta 3001
[info]: [ 01/05/2023:15:43:12 ] - Rodando na porta 3001
[info]: [ 01/05/2023:15:48:52 ] - Rodando na porta 3001
